<?xml version="1.0" encoding="utf-8"?><testsuites><testsuite errors="0" failures="0" hostname="barrachina-SONDRA" name="pytest" skipped="0" tests="3" time="61.007" timestamp="2021-01-07T11:48:31.515628"><testcase classname="tests.test_capacity_real_equivalent" name="test_shape" time="35.607" /><testcase classname="tests.test_custom_layers" name="test_layers" time="1.373" /><testcase classname="tests.test_initialization" name="test_inits" time="0.004" /></testsuite></testsuites>