<?xml version="1.0" encoding="utf-8"?><testsuites><testsuite errors="0" failures="0" hostname="barrachina-SONDRA" name="pytest" skipped="0" tests="6" time="171.842" timestamp="2021-01-12T13:33:47.028733"><testcase classname="tests.test_capacity_real_equivalent" name="test_shape" time="35.889" /><testcase classname="tests.test_custom_layers" name="test_layers" time="1.808" /><testcase classname="tests.test_doc_cvnn_example" name="test_cifar" time="36.553" /><testcase classname="tests.test_doc_cvnn_example" name="test_regression" time="0.045" /><testcase classname="tests.test_initialization" name="test_inits" time="0.004" /><testcase classname="tests.test_several_datasets" name="test_datasets" time="73.216" /></testsuite></testsuites>