<?xml version="1.0" encoding="utf-8"?><testsuites><testsuite name="pytest" errors="0" failures="0" skipped="0" tests="6" time="263.026" timestamp="2021-02-25T18:55:29.477145" hostname="barrachina-SONDRA"><testcase classname="tests.test_capacity_real_equivalent" name="test_shape" time="35.515" /><testcase classname="tests.test_custom_layers" name="test_layers" time="2.196" /><testcase classname="tests.test_doc_cvnn_example" name="test_cifar" time="65.847" /><testcase classname="tests.test_doc_cvnn_example" name="test_regression" time="0.033" /><testcase classname="tests.test_initialization" name="test_inits" time="0.001" /><testcase classname="tests.test_several_datasets" name="test_datasets" time="135.778" /></testsuite></testsuites>