<?xml version="1.0" encoding="utf-8"?><testsuites><testsuite errors="0" failures="0" hostname="DESKTOP-RA5I5L7" name="pytest" skipped="0" tests="1" time="58.081" timestamp="2021-01-06T13:45:41.612991"><testcase classname="tests.test_capacity_real_equivalent" name="test_shape" time="52.131" /></testsuite></testsuites>