<?xml version="1.0" encoding="utf-8"?><testsuites><testsuite errors="0" failures="0" hostname="DESKTOP-RA5I5L7" name="pytest" skipped="0" tests="4" time="524.033" timestamp="2021-01-08T11:18:25.640846"><testcase classname="tests.test_capacity_real_equivalent" name="test_shape" time="44.429" /><testcase classname="tests.test_custom_layers" name="test_layers" time="3.132" /><testcase classname="tests.test_initialization" name="test_inits" time="0.013" /><testcase classname="tests.test_several_datasets" name="test_datasets" time="453.719" /></testsuite></testsuites>